#
# A fatal error has been detected by the Java Runtime Environment:
#
#  EXCEPTION_ACCESS_VIOLATION (0xc0000005) at pc=0x025d0cc5, pid=828, tid=6460
#
# JRE version: Java(TM) SE Runtime Environment (7.0_51-b13) (build 1.7.0_51-b13)
# Java VM: Java HotSpot(TM) Client VM (24.51-b03 mixed mode windows-x86 )
# Problematic frame:
# J  java.lang.String.equals(Ljava/lang/Object;)Z
#
# Failed to write core dump. Minidumps are not enabled by default on client versions of Windows
#
# If you would like to submit a bug report, please visit:
#   http://bugreport.sun.com/bugreport/crash.jsp
#

---------------  T H R E A D  ---------------

Current thread (0x00c4c800):  JavaThread "main" [_thread_in_Java, id=6460, stack(0x001b0000,0x00200000)]

siginfo: ExceptionCode=0xc0000005, writing address 0x2909df70

Registers:
EAX=0x1484efb8, EBX=0x00000020, ECX=0x00000061, EDX=0xffffffff
ESP=0x001fe1b0, EBP=0x001fe3f8, ESI=0x0fb8ab80, EDI=0x00000000
EIP=0x025d0cc5, EFLAGS=0x00010282

Top of Stack: (sp=0x001fe1b0)
0x001fe1b0:   0fb8ab68 0fb8abe8 0fb8ac00 0fb88fd0
0x001fe1c0:   00c4c930 14916310 00000001 147e2c38
0x001fe1d0:   001fe1f8 5f9dc665 001fe3f8 026e8218
0x001fe1e0:   0fb85558 0fb855e8 0fb0cea0 026142d4
0x001fe1f0:   148dc8a0 148e5048 001fe3f8 026e2cbc
0x001fe200:   0fb85628 00c4a4d8 001fe3f8 026ed20c
0x001fe210:   028b8e34 001fe454 0fb4c4c8 0265884c
0x001fe220:   1491a0c8 0fb2b558 148468a8 0fb8ab68 

Instructions: (pc=0x025d0cc5)
0x025d0ca5:   eb c5 b8 00 00 00 00 83 c4 28 5d 85 05 00 01 14
0x025d0cb5:   00 c3 b8 01 00 00 00 83 c4 28 5d 85 05 00 01 14
0x025d0cc5:   00 c3 b8 00 00 00 00 83 c4 28 5d 85 05 00 01 14
0x025d0cd5:   00 c3 b8 01 00 00 00 83 c4 28 5d 85 05 00 01 14 


Register to memory mapping:

EAX=0x1484efb8 is an oop
[C 
 - klass: {type array char}
 - length: 32
EBX=0x00000020 is an unknown value
ECX=0x00000061 is an unknown value
EDX=0xffffffff is an unknown value
ESP=0x001fe1b0 is pointing into the stack for thread: 0x00c4c800
EBP=0x001fe3f8 is pointing into the stack for thread: 0x00c4c800
ESI=0x0fb8ab80 is an oop
[C 
 - klass: {type array char}
 - length: 32
EDI=0x00000000 is an unknown value


Stack: [0x001b0000,0x00200000],  sp=0x001fe1b0,  free space=312k
Native frames: (J=compiled Java code, j=interpreted, Vv=VM code, C=native code)
J  java.lang.String.equals(Ljava/lang/Object;)Z
V  [jvm.dll+0x13f35a]
V  [jvm.dll+0x202c6e]
V  [jvm.dll+0x13f3dd]
V  [jvm.dll+0xfa85a]
C  [java.dll+0x1015]
j  org.apache.maven.model.interpolation.StringSearchModelInterpolator.interpolateObject(Ljava/lang/Object;Lorg/apache/maven/model/Model;Ljava/io/File;Lorg/apache/maven/model/building/ModelBuildingRequest;Lorg/apache/maven/model/building/ModelProblemCollector;)V+41
j  org.apache.maven.model.interpolation.StringSearchModelInterpolator.interpolateModel(Lorg/apache/maven/model/Model;Ljava/io/File;Lorg/apache/maven/model/building/ModelBuildingRequest;Lorg/apache/maven/model/building/ModelProblemCollector;)Lorg/apache/maven/model/Model;+7
j  org.apache.maven.model.building.DefaultModelBuilder.interpolateModel(Lorg/apache/maven/model/Model;Lorg/apache/maven/model/building/ModelBuildingRequest;Lorg/apache/maven/model/building/ModelProblemCollector;)Lorg/apache/maven/model/Model;+19
J  org.apache.maven.model.building.DefaultModelBuilder.build(Lorg/apache/maven/model/building/ModelBuildingRequest;)Lorg/apache/maven/model/building/ModelBuildingResult;
j  org.apache.maven.project.DefaultProjectBuilder.build(Lorg/apache/maven/artifact/Artifact;ZLorg/apache/maven/project/ProjectBuildingRequest;)Lorg/apache/maven/project/ProjectBuildingResult;+437
J  org.apache.maven.project.DefaultProjectBuilder.initProject(Lorg/apache/maven/project/MavenProject;Ljava/util/Map;Lorg/apache/maven/model/building/ModelBuildingResult;Ljava/util/Map;Lorg/apache/maven/project/ProjectBuildingRequest;)V
j  org.apache.maven.project.DefaultProjectBuilder.build(Lorg/apache/maven/artifact/Artifact;ZLorg/apache/maven/project/ProjectBuildingRequest;)Lorg/apache/maven/project/ProjectBuildingResult;+437
J  org.apache.maven.project.DefaultProjectBuilder.initProject(Lorg/apache/maven/project/MavenProject;Ljava/util/Map;Lorg/apache/maven/model/building/ModelBuildingResult;Ljava/util/Map;Lorg/apache/maven/project/ProjectBuildingRequest;)V
j  org.apache.maven.project.DefaultProjectBuilder.build(Lorg/apache/maven/artifact/Artifact;ZLorg/apache/maven/project/ProjectBuildingRequest;)Lorg/apache/maven/project/ProjectBuildingResult;+437
j  org.apache.maven.project.DefaultMavenProjectBuilder.buildFromRepository(Lorg/apache/maven/artifact/Artifact;Ljava/util/List;Lorg/apache/maven/project/ProjectBuilderConfiguration;Z)Lorg/apache/maven/project/MavenProject;+53
j  org.apache.maven.project.DefaultMavenProjectBuilder.buildFromRepository(Lorg/apache/maven/artifact/Artifact;Ljava/util/List;Lorg/apache/maven/artifact/repository/ArtifactRepository;Z)Lorg/apache/maven/project/MavenProject;+25
j  org.apache.maven.project.DefaultMavenProjectBuilder.buildFromRepository(Lorg/apache/maven/artifact/Artifact;Ljava/util/List;Lorg/apache/maven/artifact/repository/ArtifactRepository;)Lorg/apache/maven/project/MavenProject;+5
j  org.apache.maven.plugin.resources.remote.ProcessRemoteResourcesMojo.getProjects()Ljava/util/List;+308
j  org.apache.maven.plugin.resources.remote.ProcessRemoteResourcesMojo.configureVelocityContext(Lorg/apache/velocity/VelocityContext;)V+92
j  org.apache.maven.plugin.resources.remote.ProcessRemoteResourcesMojo.execute()V+446
j  org.apache.maven.plugin.DefaultBuildPluginManager.executeMojo(Lorg/apache/maven/execution/MavenSession;Lorg/apache/maven/plugin/MojoExecution;)V+155
j  org.apache.maven.lifecycle.internal.MojoExecutor.execute(Lorg/apache/maven/execution/MavenSession;Lorg/apache/maven/plugin/MojoExecution;Lorg/apache/maven/lifecycle/internal/ProjectIndex;Lorg/apache/maven/lifecycle/internal/DependencyContext;)V+215
j  org.apache.maven.lifecycle.internal.MojoExecutor.execute(Lorg/apache/maven/execution/MavenSession;Lorg/apache/maven/plugin/MojoExecution;Lorg/apache/maven/lifecycle/internal/ProjectIndex;Lorg/apache/maven/lifecycle/internal/DependencyContext;Lorg/apache/maven/lifecycle/internal/PhaseRecorder;)V+6
j  org.apache.maven.lifecycle.internal.MojoExecutor.execute(Lorg/apache/maven/execution/MavenSession;Ljava/util/List;Lorg/apache/maven/lifecycle/internal/ProjectIndex;)V+60
j  org.apache.maven.lifecycle.internal.MojoExecutor.executeForkedExecutions(Lorg/apache/maven/plugin/MojoExecution;Lorg/apache/maven/execution/MavenSession;Lorg/apache/maven/lifecycle/internal/ProjectIndex;)Ljava/util/List;+242
j  org.apache.maven.lifecycle.internal.MojoExecutor.execute(Lorg/apache/maven/execution/MavenSession;Lorg/apache/maven/plugin/MojoExecution;Lorg/apache/maven/lifecycle/internal/ProjectIndex;Lorg/apache/maven/lifecycle/internal/DependencyContext;)V+181
j  org.apache.maven.lifecycle.internal.MojoExecutor.execute(Lorg/apache/maven/execution/MavenSession;Lorg/apache/maven/plugin/MojoExecution;Lorg/apache/maven/lifecycle/internal/ProjectIndex;Lorg/apache/maven/lifecycle/internal/DependencyContext;Lorg/apache/maven/lifecycle/internal/PhaseRecorder;)V+6
j  org.apache.maven.lifecycle.internal.MojoExecutor.execute(Lorg/apache/maven/execution/MavenSession;Ljava/util/List;Lorg/apache/maven/lifecycle/internal/ProjectIndex;)V+60
j  org.apache.maven.lifecycle.internal.LifecycleModuleBuilder.buildProject(Lorg/apache/maven/execution/MavenSession;Lorg/apache/maven/execution/MavenSession;Lorg/apache/maven/lifecycle/internal/ReactorContext;Lorg/apache/maven/project/MavenProject;Lorg/apache/maven/lifecycle/internal/TaskSegment;)V+180
j  org.apache.maven.lifecycle.internal.LifecycleModuleBuilder.buildProject(Lorg/apache/maven/execution/MavenSession;Lorg/apache/maven/lifecycle/internal/ReactorContext;Lorg/apache/maven/project/MavenProject;Lorg/apache/maven/lifecycle/internal/TaskSegment;)V+7
j  org.apache.maven.lifecycle.internal.builder.singlethreaded.SingleThreadedBuilder.build(Lorg/apache/maven/execution/MavenSession;Lorg/apache/maven/lifecycle/internal/ReactorContext;Lorg/apache/maven/lifecycle/internal/ProjectBuildList;Ljava/util/List;Lorg/apache/maven/lifecycle/internal/ReactorBuildStatus;)V+77
j  org.apache.maven.lifecycle.internal.LifecycleStarter.execute(Lorg/apache/maven/execution/MavenSession;)V+353
j  org.apache.maven.DefaultMaven.doExecute(Lorg/apache/maven/execution/MavenExecutionRequest;Lorg/apache/maven/execution/MavenSession;Lorg/apache/maven/execution/MavenExecutionResult;Lorg/eclipse/aether/DefaultRepositorySystemSession;)Lorg/apache/maven/execution/MavenExecutionResult;+414
j  org.apache.maven.DefaultMaven.doExecute(Lorg/apache/maven/execution/MavenExecutionRequest;)Lorg/apache/maven/execution/MavenExecutionResult;+99
j  org.apache.maven.DefaultMaven.execute(Lorg/apache/maven/execution/MavenExecutionRequest;)Lorg/apache/maven/execution/MavenExecutionResult;+2
j  org.apache.maven.cli.MavenCli.execute(Lorg/apache/maven/cli/CliRequest;)I+27
j  org.apache.maven.cli.MavenCli.doMain(Lorg/apache/maven/cli/CliRequest;)I+66
j  org.apache.maven.cli.MavenCli.main([Ljava/lang/String;Lorg/codehaus/plexus/classworlds/ClassWorld;)I+18
v  ~StubRoutines::call_stub
V  [jvm.dll+0x13f35a]
V  [jvm.dll+0x202c6e]
V  [jvm.dll+0x13f3dd]
V  [jvm.dll+0x14b6ee]
V  [jvm.dll+0x14b915]
V  [jvm.dll+0xf1309]
C  [java.dll+0x7d6e]
j  sun.reflect.NativeMethodAccessorImpl.invoke(Ljava/lang/Object;[Ljava/lang/Object;)Ljava/lang/Object;+87
j  sun.reflect.DelegatingMethodAccessorImpl.invoke(Ljava/lang/Object;[Ljava/lang/Object;)Ljava/lang/Object;+6
j  java.lang.reflect.Method.invoke(Ljava/lang/Object;[Ljava/lang/Object;)Ljava/lang/Object;+57
j  org.codehaus.plexus.classworlds.launcher.Launcher.launchEnhanced([Ljava/lang/String;)V+45
j  org.codehaus.plexus.classworlds.launcher.Launcher.launch([Ljava/lang/String;)V+2
j  org.codehaus.plexus.classworlds.launcher.Launcher.mainWithExitCode([Ljava/lang/String;)I+101
j  org.codehaus.plexus.classworlds.launcher.Launcher.main([Ljava/lang/String;)V+1
j  org.codehaus.classworlds.Launcher.main([Ljava/lang/String;)V+1
v  ~StubRoutines::call_stub
V  [jvm.dll+0x13f35a]
V  [jvm.dll+0x202c6e]
V  [jvm.dll+0x13f3dd]
V  [jvm.dll+0xc9945]
V  [jvm.dll+0xd45e7]
C  [javaw.exe+0x2070]
C  [javaw.exe+0xa5b1]
C  [javaw.exe+0xa63b]
C  [kernel32.dll+0x13677]
C  [ntdll.dll+0x39d72]
C  [ntdll.dll+0x39d45]


---------------  P R O C E S S  ---------------

Java Threads: ( => current thread )
  0x057d1800 JavaThread "resolver-5" daemon [_thread_blocked, id=6204, stack(0x05fa0000,0x05ff0000)]
  0x057d1400 JavaThread "resolver-4" daemon [_thread_blocked, id=7104, stack(0x05d50000,0x05da0000)]
  0x057ccc00 JavaThread "resolver-3" daemon [_thread_blocked, id=6900, stack(0x05c40000,0x05c90000)]
  0x057cc400 JavaThread "resolver-2" daemon [_thread_blocked, id=6484, stack(0x05bd0000,0x05c20000)]
  0x057cb800 JavaThread "resolver-1" daemon [_thread_blocked, id=6600, stack(0x05300000,0x05350000)]
  0x00e4b800 JavaThread "Service Thread" daemon [_thread_blocked, id=4600, stack(0x04b80000,0x04bd0000)]
  0x00e49400 JavaThread "C1 CompilerThread0" daemon [_thread_blocked, id=3268, stack(0x04a00000,0x04a50000)]
  0x00e46000 JavaThread "Attach Listener" daemon [_thread_blocked, id=4964, stack(0x010b0000,0x01100000)]
  0x00e43000 JavaThread "Signal Dispatcher" daemon [_thread_blocked, id=1084, stack(0x04600000,0x04650000)]
  0x00e16c00 JavaThread "Finalizer" daemon [_thread_blocked, id=584, stack(0x04870000,0x048c0000)]
  0x00e10c00 JavaThread "Reference Handler" daemon [_thread_blocked, id=6352, stack(0x04760000,0x047b0000)]
=>0x00c4c800 JavaThread "main" [_thread_in_Java, id=6460, stack(0x001b0000,0x00200000)]

Other Threads:
  0x00e0f400 VMThread [stack: 0x046b0000,0x04700000] [id=4084]
  0x00e5dc00 WatcherThread [stack: 0x04a80000,0x04ad0000] [id=6836]

VM state:not at safepoint (normal execution)

VM Mutex/Monitor currently owned by a thread: None

Heap
 def new generation   total 17152K, used 13904K [0x0f010000, 0x102a0000, 0x14560000)
  eden space 15296K,  78% used [0x0f010000, 0x0fbd40d8, 0x0ff00000)
  from space 1856K, 100% used [0x100d0000, 0x102a0000, 0x102a0000)
  to   space 1856K,   0% used [0x0ff00000, 0x0ff00000, 0x100d0000)
 tenured generation   total 37920K, used 33726K [0x14560000, 0x16a68000, 0x1f010000)
   the space 37920K,  88% used [0x14560000, 0x1664fbc0, 0x1664fc00, 0x16a68000)
 compacting perm gen  total 12288K, used 11265K [0x1f010000, 0x1fc10000, 0x23010000)
   the space 12288K,  91% used [0x1f010000, 0x1fb107c8, 0x1fb10800, 0x1fc10000)
No shared spaces configured.

Card table byte_map: [0x00d50000,0x00e00000] byte_map_base: 0x00cd7f80

Polling page: 0x00140000

Code Cache  [0x02540000, 0x028c0000, 0x04540000)
 total_blobs=2032 nmethods=1865 adapters=103 free_code_cache=29213Kb largest_free_block=29912000

Compilation events (10 events):
Event: 3.945 Thread 0x00e49400 1886             org.apache.maven.model.merge.ModelMerger::mergeModelBase_DependencyManagement (49 bytes)
Event: 3.945 Thread 0x00e49400 nmethod 1886 0x028b7988 code [0x028b7a90, 0x028b7bcc]
Event: 3.945 Thread 0x00e49400 1887             org.apache.maven.model.merge.ModelMerger::mergeModelBase_Properties (81 bytes)
Event: 3.946 Thread 0x00e49400 nmethod 1887 0x028b7d08 code [0x028b7f20, 0x028b8538]
Event: 3.946 Thread 0x00e49400 1888             org.apache.maven.model.ModelBase::setProperties (6 bytes)
Event: 3.946 Thread 0x00e49400 nmethod 1888 0x028b8bc8 code [0x028b8cc0, 0x028b8d50]
Event: 3.946 Thread 0x00e49400 1889             org.apache.maven.model.InputLocation::merge (121 bytes)
Event: 3.946 Thread 0x00e49400 nmethod 1889 0x028b8d88 code [0x028b8ec0, 0x028b90f4]
Event: 3.946 Thread 0x00e49400 1890             org.apache.maven.model.DistributionManagement::getSite (5 bytes)
Event: 3.946 Thread 0x00e49400 nmethod 1890 0x028b9288 code [0x028b9380, 0x028b9400]

GC Heap History (10 events):
Event: 3.661 GC heap before
{Heap before GC invocations=62 (full 5):
 def new generation   total 17152K, used 17037K [0x0f010000, 0x102a0000, 0x14560000)
  eden space 15296K, 100% used [0x0f010000, 0x0ff00000, 0x0ff00000)
  from space 1856K,  93% used [0x0ff00000, 0x100b3448, 0x100d0000)
  to   space 1856K,   0% used [0x100d0000, 0x100d0000, 0x102a0000)
 tenured generation   total 37920K, used 19691K [0x14560000, 0x16a68000, 0x1f010000)
   the space 37920K,  51% used [0x14560000, 0x1589ac58, 0x1589ae00, 0x16a68000)
 compacting perm gen  total 12288K, used 11240K [0x1f010000, 0x1fc10000, 0x23010000)
   the space 12288K,  91% used [0x1f010000, 0x1fb0a1d0, 0x1fb0a200, 0x1fc10000)
No shared spaces configured.
Event: 3.673 GC heap after
Heap after GC invocations=63 (full 5):
 def new generation   total 17152K, used 1856K [0x0f010000, 0x102a0000, 0x14560000)
  eden space 15296K,   0% used [0x0f010000, 0x0f010000, 0x0ff00000)
  from space 1856K, 100% used [0x100d0000, 0x102a0000, 0x102a0000)
  to   space 1856K,   0% used [0x0ff00000, 0x0ff00000, 0x100d0000)
 tenured generation   total 37920K, used 23145K [0x14560000, 0x16a68000, 0x1f010000)
   the space 37920K,  61% used [0x14560000, 0x15bfa4c0, 0x15bfa600, 0x16a68000)
 compacting perm gen  total 12288K, used 11240K [0x1f010000, 0x1fc10000, 0x23010000)
   the space 12288K,  91% used [0x1f010000, 0x1fb0a1d0, 0x1fb0a200, 0x1fc10000)
No shared spaces configured.
}
Event: 3.735 GC heap before
{Heap before GC invocations=63 (full 5):
 def new generation   total 17152K, used 17152K [0x0f010000, 0x102a0000, 0x14560000)
  eden space 15296K, 100% used [0x0f010000, 0x0ff00000, 0x0ff00000)
  from space 1856K, 100% used [0x100d0000, 0x102a0000, 0x102a0000)
  to   space 1856K,   0% used [0x0ff00000, 0x0ff00000, 0x100d0000)
 tenured generation   total 37920K, used 23145K [0x14560000, 0x16a68000, 0x1f010000)
   the space 37920K,  61% used [0x14560000, 0x15bfa4c0, 0x15bfa600, 0x16a68000)
 compacting perm gen  total 12288K, used 11265K [0x1f010000, 0x1fc10000, 0x23010000)
   the space 12288K,  91% used [0x1f010000, 0x1fb107c8, 0x1fb10800, 0x1fc10000)
No shared spaces configured.
Event: 3.742 GC heap after
Heap after GC invocations=64 (full 5):
 def new generation   total 17152K, used 1308K [0x0f010000, 0x102a0000, 0x14560000)
  eden space 15296K,   0% used [0x0f010000, 0x0f010000, 0x0ff00000)
  from space 1856K,  70% used [0x0ff00000, 0x10047138, 0x100d0000)
  to   space 1856K,   0% used [0x100d0000, 0x100d0000, 0x102a0000)
 tenured generation   total 37920K, used 24648K [0x14560000, 0x16a68000, 0x1f010000)
   the space 37920K,  65% used [0x14560000, 0x15d723d8, 0x15d72400, 0x16a68000)
 compacting perm gen  total 12288K, used 11265K [0x1f010000, 0x1fc10000, 0x23010000)
   the space 12288K,  91% used [0x1f010000, 0x1fb107c8, 0x1fb10800, 0x1fc10000)
No shared spaces configured.
}
Event: 3.792 GC heap before
{Heap before GC invocations=64 (full 5):
 def new generation   total 17152K, used 16604K [0x0f010000, 0x102a0000, 0x14560000)
  eden space 15296K, 100% used [0x0f010000, 0x0ff00000, 0x0ff00000)
  from space 1856K,  70% used [0x0ff00000, 0x10047138, 0x100d0000)
  to   space 1856K,   0% used [0x100d0000, 0x100d0000, 0x102a0000)
 tenured generation   total 37920K, used 24648K [0x14560000, 0x16a68000, 0x1f010000)
   the space 37920K,  65% used [0x14560000, 0x15d723d8, 0x15d72400, 0x16a68000)
 compacting perm gen  total 12288K, used 11265K [0x1f010000, 0x1fc10000, 0x23010000)
   the space 12288K,  91% used [0x1f010000, 0x1fb107c8, 0x1fb10800, 0x1fc10000)
No shared spaces configured.
Event: 3.804 GC heap after
Heap after GC invocations=65 (full 5):
 def new generation   total 17152K, used 1856K [0x0f010000, 0x102a0000, 0x14560000)
  eden space 15296K,   0% used [0x0f010000, 0x0f010000, 0x0ff00000)
  from space 1856K, 100% used [0x100d0000, 0x102a0000, 0x102a0000)
  to   space 1856K,   0% used [0x0ff00000, 0x0ff00000, 0x100d0000)
 tenured generation   total 37920K, used 27933K [0x14560000, 0x16a68000, 0x1f010000)
   the space 37920K,  73% used [0x14560000, 0x160a75d8, 0x160a7600, 0x16a68000)
 compacting perm gen  total 12288K, used 11265K [0x1f010000, 0x1fc10000, 0x23010000)
   the space 12288K,  91% used [0x1f010000, 0x1fb107c8, 0x1fb10800, 0x1fc10000)
No shared spaces configured.
}
Event: 3.849 GC heap before
{Heap before GC invocations=65 (full 5):
 def new generation   total 17152K, used 17152K [0x0f010000, 0x102a0000, 0x14560000)
  eden space 15296K, 100% used [0x0f010000, 0x0ff00000, 0x0ff00000)
  from space 1856K, 100% used [0x100d0000, 0x102a0000, 0x102a0000)
  to   space 1856K,   0% used [0x0ff00000, 0x0ff00000, 0x100d0000)
 tenured generation   total 37920K, used 27933K [0x14560000, 0x16a68000, 0x1f010000)
   the space 37920K,  73% used [0x14560000, 0x160a75d8, 0x160a7600, 0x16a68000)
 compacting perm gen  total 12288K, used 11265K [0x1f010000, 0x1fc10000, 0x23010000)
   the space 12288K,  91% used [0x1f010000, 0x1fb107c8, 0x1fb10800, 0x1fc10000)
No shared spaces configured.
Event: 3.858 GC heap after
Heap after GC invocations=66 (full 5):
 def new generation   total 17152K, used 1856K [0x0f010000, 0x102a0000, 0x14560000)
  eden space 15296K,   0% used [0x0f010000, 0x0f010000, 0x0ff00000)
  from space 1856K, 100% used [0x0ff00000, 0x100d0000, 0x100d0000)
  to   space 1856K,   0% used [0x100d0000, 0x100d0000, 0x102a0000)
 tenured generation   total 37920K, used 30229K [0x14560000, 0x16a68000, 0x1f010000)
   the space 37920K,  79% used [0x14560000, 0x162e5628, 0x162e5800, 0x16a68000)
 compacting perm gen  total 12288K, used 11265K [0x1f010000, 0x1fc10000, 0x23010000)
   the space 12288K,  91% used [0x1f010000, 0x1fb107c8, 0x1fb10800, 0x1fc10000)
No shared spaces configured.
}
Event: 3.903 GC heap before
{Heap before GC invocations=66 (full 5):
 def new generation   total 17152K, used 17152K [0x0f010000, 0x102a0000, 0x14560000)
  eden space 15296K, 100% used [0x0f010000, 0x0ff00000, 0x0ff00000)
  from space 1856K, 100% used [0x0ff00000, 0x100d0000, 0x100d0000)
  to   space 1856K,   0% used [0x100d0000, 0x100d0000, 0x102a0000)
 tenured generation   total 37920K, used 30229K [0x14560000, 0x16a68000, 0x1f010000)
   the space 37920K,  79% used [0x14560000, 0x162e5628, 0x162e5800, 0x16a68000)
 compacting perm gen  total 12288K, used 11265K [0x1f010000, 0x1fc10000, 0x23010000)
   the space 12288K,  91% used [0x1f010000, 0x1fb107c8, 0x1fb10800, 0x1fc10000)
No shared spaces configured.
Event: 3.915 GC heap after
Heap after GC invocations=67 (full 5):
 def new generation   total 17152K, used 1856K [0x0f010000, 0x102a0000, 0x14560000)
  eden space 15296K,   0% used [0x0f010000, 0x0f010000, 0x0ff00000)
  from space 1856K, 100% used [0x100d0000, 0x102a0000, 0x102a0000)
  to   space 1856K,   0% used [0x0ff00000, 0x0ff00000, 0x100d0000)
 tenured generation   total 37920K, used 33726K [0x14560000, 0x16a68000, 0x1f010000)
   the space 37920K,  88% used [0x14560000, 0x1664fbc0, 0x1664fc00, 0x16a68000)
 compacting perm gen  total 12288K, used 11265K [0x1f010000, 0x1fc10000, 0x23010000)
   the space 12288K,  91% used [0x1f010000, 0x1fb107c8, 0x1fb10800, 0x1fc10000)
No shared spaces configured.
}

Deoptimization events (0 events):
No events

Internal exceptions (10 events):
Event: 3.724 Thread 0x00c4c800 Threw 0x0fc861b0 at C:\re\jdk7u51\527\hotspot\src\share\vm\prims\jvm.cpp:1244
Event: 3.724 Thread 0x00c4c800 Threw 0x0fc8b1a8 at C:\re\jdk7u51\527\hotspot\src\share\vm\prims\jvm.cpp:1244
Event: 3.724 Thread 0x00c4c800 Threw 0x0fc8beb0 at C:\re\jdk7u51\527\hotspot\src\share\vm\prims\jvm.cpp:1244
Event: 3.724 Thread 0x00c4c800 Threw 0x0fc8c5f0 at C:\re\jdk7u51\527\hotspot\src\share\vm\prims\jvm.cpp:1244
Event: 3.725 Thread 0x00c4c800 Threw 0x0fc91c20 at C:\re\jdk7u51\527\hotspot\src\share\vm\prims\jvm.cpp:1244
Event: 3.725 Thread 0x00c4c800 Threw 0x0fc925a0 at C:\re\jdk7u51\527\hotspot\src\share\vm\prims\jvm.cpp:1244
Event: 3.725 Thread 0x00c4c800 Threw 0x0fc99000 at C:\re\jdk7u51\527\hotspot\src\share\vm\prims\jvm.cpp:1244
Event: 3.725 Thread 0x00c4c800 Threw 0x0fc99728 at C:\re\jdk7u51\527\hotspot\src\share\vm\prims\jvm.cpp:1244
Event: 3.726 Thread 0x00c4c800 Threw 0x0fcddd60 at C:\re\jdk7u51\527\hotspot\src\share\vm\prims\jvm.cpp:1244
Event: 3.726 Thread 0x00c4c800 Threw 0x0fcde4d0 at C:\re\jdk7u51\527\hotspot\src\share\vm\prims\jvm.cpp:1244

Events (10 events):
Event: 3.726 loading class 0x04f0ef88
Event: 3.726 loading class 0x04f0ef88 done
Event: 3.735 Executing VM operation: GenCollectForAllocation
Event: 3.742 Executing VM operation: GenCollectForAllocation done
Event: 3.792 Executing VM operation: GenCollectForAllocation
Event: 3.804 Executing VM operation: GenCollectForAllocation done
Event: 3.849 Executing VM operation: GenCollectForAllocation
Event: 3.858 Executing VM operation: GenCollectForAllocation done
Event: 3.903 Executing VM operation: GenCollectForAllocation
Event: 3.915 Executing VM operation: GenCollectForAllocation done


Dynamic libraries:
0x01110000 - 0x0113f000 	C:\Java\jdk1.7.0_51\bin\javaw.exe
0x77750000 - 0x778d0000 	C:\Windows\SysWOW64\ntdll.dll
0x763e0000 - 0x764e0000 	C:\Windows\syswow64\kernel32.dll
0x77300000 - 0x77346000 	C:\Windows\syswow64\KERNELBASE.dll
0x771d0000 - 0x77270000 	C:\Windows\syswow64\ADVAPI32.dll
0x764e0000 - 0x7658c000 	C:\Windows\syswow64\msvcrt.dll
0x76630000 - 0x76649000 	C:\Windows\SysWOW64\sechost.dll
0x76740000 - 0x76830000 	C:\Windows\syswow64\RPCRT4.dll
0x752c0000 - 0x75320000 	C:\Windows\syswow64\SspiCli.dll
0x752b0000 - 0x752bc000 	C:\Windows\syswow64\CRYPTBASE.dll
0x76950000 - 0x76a50000 	C:\Windows\syswow64\USER32.dll
0x76650000 - 0x766e0000 	C:\Windows\syswow64\GDI32.dll
0x76890000 - 0x7689a000 	C:\Windows\syswow64\LPK.dll
0x768b0000 - 0x7694d000 	C:\Windows\syswow64\USP10.dll
0x72810000 - 0x729ae000 	C:\Windows\WinSxS\x86_microsoft.windows.common-controls_6595b64144ccf1df_6.0.7600.16385_none_421189da2b7fabfc\COMCTL32.dll
0x76830000 - 0x76887000 	C:\Windows\syswow64\SHLWAPI.dll
0x766e0000 - 0x76740000 	C:\Windows\system32\IMM32.DLL
0x76d80000 - 0x76e4c000 	C:\Windows\syswow64\MSCTF.dll
0x72f40000 - 0x72f6c000 	C:\Windows\SysWOW64\nvinit.dll
0x0f000000 - 0x0f006000 	C:\Program Files (x86)\NVIDIA Corporation\CoProcManager\detoured.dll
0x72070000 - 0x7209b000 	C:\Program Files (x86)\NVIDIA Corporation\CoProcManager\nvd3d9wrap.dll
0x75370000 - 0x7550d000 	C:\Windows\syswow64\SETUPAPI.dll
0x76ea0000 - 0x76ec7000 	C:\Windows\syswow64\CFGMGR32.dll
0x77110000 - 0x7719f000 	C:\Windows\syswow64\OLEAUT32.dll
0x76280000 - 0x763dc000 	C:\Windows\syswow64\ole32.dll
0x76590000 - 0x765a2000 	C:\Windows\syswow64\DEVOBJ.dll
0x72050000 - 0x7206f000 	C:\Program Files (x86)\NVIDIA Corporation\CoProcManager\nvdxgiwrap.dll
0x746f0000 - 0x747af000 	C:\Java\jdk1.7.0_51\jre\bin\msvcr100.dll
0x5f800000 - 0x5fb80000 	C:\Java\jdk1.7.0_51\jre\bin\client\jvm.dll
0x72aa0000 - 0x72aa7000 	C:\Windows\system32\WSOCK32.dll
0x770d0000 - 0x77105000 	C:\Windows\syswow64\WS2_32.dll
0x768a0000 - 0x768a6000 	C:\Windows\syswow64\NSI.dll
0x722f0000 - 0x72322000 	C:\Windows\system32\WINMM.dll
0x77720000 - 0x77725000 	C:\Windows\syswow64\PSAPI.DLL
0x75040000 - 0x7504c000 	C:\Java\jdk1.7.0_51\jre\bin\verify.dll
0x74ff0000 - 0x75010000 	C:\Java\jdk1.7.0_51\jre\bin\java.dll
0x74fb0000 - 0x74fc3000 	C:\Java\jdk1.7.0_51\jre\bin\zip.dll
0x74f70000 - 0x74f84000 	C:\Java\jdk1.7.0_51\jre\bin\net.dll
0x72ec0000 - 0x72efc000 	C:\Windows\system32\mswsock.dll
0x72ab0000 - 0x72ab6000 	C:\Windows\System32\wship6.dll
0x75030000 - 0x7503f000 	C:\Java\jdk1.7.0_51\jre\bin\nio.dll
0x72350000 - 0x7243b000 	C:\Windows\system32\dbghelp.dll

VM Arguments:
jvm_args: -Dmaven.multiModuleProjectDirectory=$M2_HOME -Dmaven.home=C:\cameltraining\softwares\apache-maven-3.3.1 -Dclassworlds.conf=C:\cameltraining\labs\camel-exercises\.metadata\.plugins\org.eclipse.m2e.launching\launches\m2conf2318695776296678040.tmp -Dmaven.bootclasspath=C:\cameltraining\softwares\apache-maven-3.3.1\boot\plexus-classworlds-2.5.2.jar -Dfile.encoding=Cp1252 
java_command: org.codehaus.classworlds.Launcher -B jetty:run
Launcher Type: SUN_STANDARD

Environment Variables:
JAVA_HOME=C:\cameltraining\softwares\jdk7u51
PATH=C:/Java/jre7/bin/client;C:/Java/jre7/bin;C:/Java/jre7/lib/i386;C:\Windows\system32;C:\Windows;C:\Windows\System32\Wbem;C:\Windows\System32\WindowsPowerShell\v1.0\;C:\Program Files (x86)\Skype\Phone\;C:\cameltraining\softwares\jdk7u51\bin;C:\cameltraining\softwares\apache-maven-3.3.1\bin;C:\cameltraining\eclipse;
USERNAME=dell
OS=Windows_NT
PROCESSOR_IDENTIFIER=Intel64 Family 6 Model 61 Stepping 4, GenuineIntel



---------------  S Y S T E M  ---------------

OS: Windows 7 , 64 bit Build 7600 

CPU:total 4 (2 cores per cpu, 2 threads per core) family 6 model 61 stepping 4, cmov, cx8, fxsr, mmx, sse, sse2, sse3, ssse3, sse4.1, sse4.2, popcnt, aes, erms, ht, tsc, tscinvbit

Memory: 4k page, physical 8297976k(5247344k free), swap 16594056k(12715704k free)

vm_info: Java HotSpot(TM) Client VM (24.51-b03) for windows-x86 JRE (1.7.0_51-b13), built on Dec 18 2013 19:09:58 by "java_re" with unknown MS VC++:1600

time: Fri Jul 17 06:33:27 2015
elapsed time: 4 seconds

